<?xml version="1.0" encoding="UTF-8"?>
<!-- Generated by org.testng.reporters.JUnitXMLReporter -->
<testsuite ignored="0" hostname="MAA2-5CG05165DH" failures="1" tests="1" name="EdgeTest" time="144.068" errors="0" timestamp="2024-09-27T22:51:47 IST">
  <testcase classname="testCasePackage.TC_002_LoginTest" name="logintoaccount" time="10.273">
    <failure type="java.lang.AssertionError" message="null">
      <![CDATA[java.lang.AssertionError: null
at testCasePackage.TC_002_LoginTest.logintoaccount(TC_002_LoginTest.java:35)
at java.base/java.util.ArrayList.forEach(ArrayList.java:1597)
at java.base/java.util.concurrent.FutureTask.run(FutureTask.java:317)
at java.base/java.util.concurrent.ThreadPoolExecutor.runWorker(ThreadPoolExecutor.java:1144)
at java.base/java.util.concurrent.ThreadPoolExecutor$Worker.run(ThreadPoolExecutor.java:642)
at java.base/java.lang.Thread.run(Thread.java:1570)
... Removed 17 stack frames]]>
    </failure>
  </testcase> <!-- logintoaccount -->
</testsuite> <!-- EdgeTest -->
